2017-12-13 13:23:32 INFO  FTIRestletApplication:44 - Created the Restlet CustomVerifier...
2017-12-13 13:23:32 INFO  FTIRestletApplication:91 - Created and returned the Restlet Context with url-resource association...
2017-12-13 13:23:32 INFO  NaiveAuthenticator:71 - Intercepted an invocation of a protected resource, check if the JWT token is present...
2017-12-13 13:23:32 INFO  NaiveAuthenticator:79 - JWT token not present, user unauthorized!
2017-12-13 13:23:32 INFO  NaiveAuthenticator:120 - Wraps the bean with a FreeMarker representation to show the login html page...
2017-12-13 13:23:32 INFO  PropertiesHelper:17 - Loading configuration parameters...
2017-12-13 13:23:41 INFO  UserDataResourceImpl:43 - The user diego.pedone@finconsgroup.com try to retrieve the user information from the LDAP service...
2017-12-13 13:23:41 INFO  UserDataResourceImpl:60 - Prepare the client for the remote call to performe the getUserData...
2017-12-13 13:23:45 INFO  UserDataResourceImpl:71 - getUserData service response returned successful with status 200
2017-12-13 13:23:45 INFO  CryptUtil:28 - HMAC generation successful completed...
2017-12-13 13:23:45 INFO  UserDataResourceImpl:77 - HMAC Check OK for this getUserData request...
2017-12-13 13:23:45 DEBUG UserDataResourceImpl:86 - getUserData process completed with the following response: {"code":200,"loginUserData":{"userCertificate":"{'privateKey':'-IZPAuv9JBvvV6C_0XKSrUJRoQAeri_xZ4NT9jWZ3BSv5ZwVAzTn4puRR9k8Ujfg2VWv1V-wTIBx-xMtawkaSdmG2AJPFU4s-y_T4-RWehWIMUEgcqKicWxMNw8uUTrddQ57bwpHIqrWO7chVCrl0FsHbHxTcdTsKWp2lkowdZtg43CfZ9JidIFLgxvBHX5DV6cNe7DQMRZaRiZRkPVm9S32ufFR5t78VLHO-WDztT2CNfaB-fZ6QrNDMtFzKxGwrYRH00famEREvo7ZiUW6ybZFGs58NdrE3fwt-phVZRBxsQjy5j0IyLpULrksn-NG','salt':'4154f4960de9520cf894569584cafe524a2de621eae5653ce087bb50358067d8','publicKey':{'ext':true,'kty':'EC','crv':'P-256','key_ops':[],'x':'x8u8hh2H0lKrbKpcIZzJBQQFsy_bF1roLA3bEi639Ww','y':'GoNZbCCNLW9NY6HhrtwK-4eKwOVjlSZScNiChkT7m7Q'}}","userData":{"validityTime":"2017-12-13T16:23:45","challengeID":543200244,"actkSrvPublicKey":{"kty":"EC","crv":"P-256","x":"Spb-GOv-R-vyTTSJWqMjQcAP056JaI8pdk1LwxE9oBY","y":"DyLo1HM72wh2dtQSoYGtL4PLIBnLDCibtY5T1LVvAO0"}},"timestamp":"2017-12-13T13:23:45"}}
2017-12-13 13:23:47 INFO  NaiveAuthenticator:59 - Intercepted a LOGIN Form submission...
2017-12-13 13:23:47 INFO  CustomVerifier:81 - The user try to perform a login action
2017-12-13 13:23:47 DEBUG CustomVerifier:85 - ### Start Generate External Token ###
2017-12-13 13:23:47 INFO  CustomVerifier:95 - Claims generation succesfull completed!
2017-12-13 13:23:47 DEBUG CustomVerifier:101 - ### End Generate External Token ###
2017-12-13 13:23:48 DEBUG CustomVerifier:104 - Token created!
2017-12-13 13:23:48 DEBUG LoginUserImpl:24 - Prepare the client for the remote call to performe the login...
2017-12-13 13:23:49 INFO  LoginUserImpl:32 - login service response returned successful 
2017-12-13 13:23:49 DEBUG CustomVerifier:110 - The POST operation on the service https://tomcat.example.com:8443/FTI_Video_Service/proxyLogin was sucesfully completed...
2017-12-13 13:23:49 DEBUG CustomVerifier:118 - The Access Token Service response with the following result: {"code":200,"message":"Login sucessful completed","timestamp":"2017-12-13T13:23:48"}
2017-12-13 13:23:49 DEBUG CustomVerifier:121 - The Access Token Service success response is valid...
2017-12-13 13:23:49 INFO  CryptUtil:28 - HMAC generation successful completed...
2017-12-13 13:23:49 INFO  CustomVerifier:126 - HMAC validation passed! diego.pedone@finconsgroup.com AUTHENTICATED!
2017-12-13 13:23:49 INFO  LdapManager:296 - Start getListOrganization
2017-12-13 13:23:49 INFO  LdapManager:36 - Called the init() method
2017-12-13 13:23:49 INFO  LdapManager:51 - Connected to the context: {java.naming.provider.url=ldap://openldap.example.com:389, java.naming.factory.initial=com.sun.jndi.ldap.LdapCtxFactory, java.naming.factory.url.pkgs=org.apache.naming, java.naming.security.principal=cn=admin,dc=FTIVidAS, java.naming.security.authentication=simple, java.naming.security.credentials=Sysmgr48}
2017-12-13 13:23:49 INFO  LdapManager:249 - Start getListCountry
2017-12-13 13:23:49 INFO  LdapManager:146 - Called the find() method
2017-12-13 13:23:49 INFO  LdapManager:229 - Start getListOrganization
2017-12-13 13:23:49 INFO  LdapManager:146 - Called the find() method
2017-12-13 13:23:49 INFO  LdapManager:270 - Start getListOrganizationUnitFirstLevel
2017-12-13 13:23:49 INFO  LdapManager:146 - Called the find() method
2017-12-13 13:23:49 INFO  PageResourceHtml:67 - Wraps the bean with a FreeMarker representation to show the main page html page, after login success...
2017-12-13 13:23:52 INFO  ProxyGenerateTokenImpl:76 - Moved the Auth JWT Token from the first request to second request (also empty or null)
2017-12-13 13:23:52 INFO  NaiveAuthenticator:71 - Intercepted an invocation of a protected resource, check if the JWT token is present...
2017-12-13 13:23:52 INFO  NaiveAuthenticator:76 - The JWT token is present, continue the auth process...
2017-12-13 13:23:52 DEBUG FilterResourceImpl:71 - Request forward: https://tomcat.example.com:8443/PSY_PolicySService/ with MethodGET
2017-12-13 13:24:00 INFO  FilterResourceImpl:103 - Request forward
2017-12-13 13:24:02 INFO  ProxyGenerateTokenImpl:76 - Moved the Auth JWT Token from the first request to second request (also empty or null)
2017-12-13 13:24:02 INFO  NaiveAuthenticator:71 - Intercepted an invocation of a protected resource, check if the JWT token is present...
2017-12-13 13:24:02 INFO  NaiveAuthenticator:76 - The JWT token is present, continue the auth process...
2017-12-13 13:24:02 DEBUG FilterResourceImpl:71 - Request forward: https://tomcat.example.com:8443/PSY_PolicySService/PolicyRoot with MethodGET
2017-12-13 13:24:03 INFO  FilterResourceImpl:103 - Request forward
2017-12-13 13:24:06 INFO  ProxyGenerateTokenImpl:76 - Moved the Auth JWT Token from the first request to second request (also empty or null)
2017-12-13 13:24:06 INFO  NaiveAuthenticator:71 - Intercepted an invocation of a protected resource, check if the JWT token is present...
2017-12-13 13:24:06 INFO  NaiveAuthenticator:76 - The JWT token is present, continue the auth process...
2017-12-13 13:24:06 DEBUG FilterResourceImpl:71 - Request forward: https://tomcat.example.com:8443/PSY_PolicySService/PolicyRoot/Fly Emirates with MethodGET
2017-12-13 13:24:07 INFO  FilterResourceImpl:103 - Request forward
2017-12-13 13:24:08 INFO  ProxyGenerateTokenImpl:76 - Moved the Auth JWT Token from the first request to second request (also empty or null)
2017-12-13 13:24:08 INFO  NaiveAuthenticator:71 - Intercepted an invocation of a protected resource, check if the JWT token is present...
2017-12-13 13:24:08 INFO  NaiveAuthenticator:76 - The JWT token is present, continue the auth process...
2017-12-13 13:24:08 DEBUG FilterResourceImpl:71 - Request forward: https://tomcat.example.com:8443/PSY_PolicySService/PolicyRoot/Fly Emirates/Default policies with MethodGET
2017-12-13 13:24:09 INFO  FilterResourceImpl:103 - Request forward
2017-12-13 13:24:12 INFO  ProxyGenerateTokenImpl:76 - Moved the Auth JWT Token from the first request to second request (also empty or null)
2017-12-13 13:24:12 INFO  NaiveAuthenticator:71 - Intercepted an invocation of a protected resource, check if the JWT token is present...
2017-12-13 13:24:12 INFO  NaiveAuthenticator:76 - The JWT token is present, continue the auth process...
2017-12-13 13:24:12 DEBUG FilterResourceImpl:71 - Request forward: https://tomcat.example.com:8443/PSY_PolicySService/PolicyRoot/FINCONS_SpA with MethodGET
2017-12-13 13:24:14 INFO  FilterResourceImpl:103 - Request forward
2017-12-13 13:24:15 INFO  ProxyGenerateTokenImpl:76 - Moved the Auth JWT Token from the first request to second request (also empty or null)
2017-12-13 13:24:15 INFO  NaiveAuthenticator:71 - Intercepted an invocation of a protected resource, check if the JWT token is present...
2017-12-13 13:24:15 INFO  NaiveAuthenticator:76 - The JWT token is present, continue the auth process...
2017-12-13 13:24:15 DEBUG FilterResourceImpl:71 - Request forward: https://tomcat.example.com:8443/PSY_PolicySService/PolicyRoot/FINCONS_SpA/Complex Policy with MethodGET
2017-12-13 13:24:16 INFO  FilterResourceImpl:103 - Request forward
2017-12-13 13:24:22 INFO  ProxyGenerateTokenImpl:76 - Moved the Auth JWT Token from the first request to second request (also empty or null)
2017-12-13 13:24:22 INFO  ProxyGenerateTokenImpl:76 - Moved the Auth JWT Token from the first request to second request (also empty or null)
2017-12-13 13:24:22 INFO  NaiveAuthenticator:71 - Intercepted an invocation of a protected resource, check if the JWT token is present...
2017-12-13 13:24:22 INFO  NaiveAuthenticator:76 - The JWT token is present, continue the auth process...
2017-12-13 13:24:22 DEBUG FilterResourceImpl:71 - Request forward: https://tomcat.example.com:8443/PSY_PolicySService/ with MethodGET
2017-12-13 13:24:23 INFO  FilterResourceImpl:103 - Request forward
2017-12-13 13:24:25 INFO  ProxyGenerateTokenImpl:76 - Moved the Auth JWT Token from the first request to second request (also empty or null)
2017-12-13 13:24:25 INFO  NaiveAuthenticator:71 - Intercepted an invocation of a protected resource, check if the JWT token is present...
2017-12-13 13:24:25 INFO  NaiveAuthenticator:76 - The JWT token is present, continue the auth process...
2017-12-13 13:24:25 DEBUG FilterResourceImpl:71 - Request forward: https://tomcat.example.com:8443/PSY_PolicySService/PolicyRoot with MethodGET
2017-12-13 13:24:26 INFO  FilterResourceImpl:103 - Request forward
2017-12-13 13:24:32 INFO  ProxyGenerateTokenImpl:76 - Moved the Auth JWT Token from the first request to second request (also empty or null)
2017-12-13 13:24:36 DEBUG ProxyLogoutUser:24 - Prepare the client for the remote call to performe the logout...
2017-12-13 13:24:36 INFO  ProxyLogoutUser:32 - Logout service response returned successful 
2017-12-13 13:24:36 INFO  NaiveAuthenticator:71 - Intercepted an invocation of a protected resource, check if the JWT token is present...
2017-12-13 13:24:36 INFO  NaiveAuthenticator:79 - JWT token not present, user unauthorized!
2017-12-13 13:24:36 INFO  NaiveAuthenticator:120 - Wraps the bean with a FreeMarker representation to show the login html page...
2017-12-13 13:24:39 INFO  UserDataResourceImpl:43 - The user leonardo.straniero@finconsgroup.com try to retrieve the user information from the LDAP service...
2017-12-13 13:24:39 INFO  UserDataResourceImpl:60 - Prepare the client for the remote call to performe the getUserData...
2017-12-13 13:24:39 INFO  UserDataResourceImpl:71 - getUserData service response returned successful with status 200
2017-12-13 13:24:39 INFO  CryptUtil:28 - HMAC generation successful completed...
2017-12-13 13:24:39 INFO  UserDataResourceImpl:77 - HMAC Check OK for this getUserData request...
2017-12-13 13:24:39 DEBUG UserDataResourceImpl:86 - getUserData process completed with the following response: {"code":200,"loginUserData":{"userCertificate":"{'privateKey':'9bRSCoKNV0USe6Nwdnmt4l5jY5hBd7qJVbnb_dSPuu2X2pdTaxnwLnbpkdPVDcj-CP6B-rctYdnUEP0Sh0ItEAybzg3C2-FDXM2ub44GIIMEwWJCni5BK4Nt_guFjoDDaxIU0N2-fWsCKNqeFc8Ov-D-K5GAyhd8pAdOVGC0GkAcI7IJ1IuwAF4KxDGhw7un-Rf39YBEXvaUt8NpOk_r6CocJv2y0VefOQPllxYitHi864PsAm7faCdKpnUmM9f56xnZy6gzfK0FaUoN01jH9pqE4OrFG_37f-C05EGUi_vncbD3HKEM3pT2hHUJ7qdS','salt':'6ea04ebc55ab609b5244e10ea8371f5107468374acd38042c2dd1bcadc70c809','publicKey':{'ext':true,'kty':'EC','crv':'P-256','key_ops':[],'x':'1aBJTBNaMs1Q2bAmSvesj0Q8hAAwJL0YK5hCcLrA6Ao','y':'5EcGjv_7j_jrZyHKLKbDuYxKnl6vFdzzYYPWtQjP008'}}","userData":{"validityTime":"2017-12-13T16:24:39","challengeID":92732295,"actkSrvPublicKey":{"kty":"EC","crv":"P-256","x":"gpH9dn63Rp9VggOPtzcmsLJsCU9piQvtQtLY1InYPJY","y":"X8M10sGVQVvBuAvWNLcSDGf5L9egYpvAzfiy1pcYkuk"}},"timestamp":"2017-12-13T13:24:39"}}
2017-12-13 13:24:44 INFO  NaiveAuthenticator:59 - Intercepted a LOGIN Form submission...
2017-12-13 13:24:44 INFO  CustomVerifier:81 - The user try to perform a login action
2017-12-13 13:24:44 DEBUG CustomVerifier:85 - ### Start Generate External Token ###
2017-12-13 13:24:44 INFO  CustomVerifier:95 - Claims generation succesfull completed!
2017-12-13 13:24:44 DEBUG CustomVerifier:101 - ### End Generate External Token ###
2017-12-13 13:24:44 DEBUG CustomVerifier:104 - Token created!
2017-12-13 13:24:44 DEBUG LoginUserImpl:24 - Prepare the client for the remote call to performe the login...
2017-12-13 13:24:45 INFO  LoginUserImpl:32 - login service response returned successful 
2017-12-13 13:24:45 DEBUG CustomVerifier:110 - The POST operation on the service https://tomcat.example.com:8443/FTI_Video_Service/proxyLogin was sucesfully completed...
2017-12-13 13:24:45 DEBUG CustomVerifier:118 - The Access Token Service response with the following result: {"code":200,"message":"Login sucessful completed","timestamp":"2017-12-13T13:24:44"}
2017-12-13 13:24:45 DEBUG CustomVerifier:121 - The Access Token Service success response is valid...
2017-12-13 13:24:45 INFO  CryptUtil:28 - HMAC generation successful completed...
2017-12-13 13:24:45 INFO  CustomVerifier:126 - HMAC validation passed! leonardo.straniero@finconsgroup.com AUTHENTICATED!
2017-12-13 13:24:45 INFO  LdapManager:296 - Start getListOrganization
2017-12-13 13:24:45 INFO  LdapManager:249 - Start getListCountry
2017-12-13 13:24:45 INFO  LdapManager:146 - Called the find() method
2017-12-13 13:24:45 INFO  LdapManager:229 - Start getListOrganization
2017-12-13 13:24:45 INFO  LdapManager:146 - Called the find() method
2017-12-13 13:24:45 INFO  LdapManager:270 - Start getListOrganizationUnitFirstLevel
2017-12-13 13:24:45 INFO  LdapManager:146 - Called the find() method
2017-12-13 13:24:45 INFO  PageResourceHtml:67 - Wraps the bean with a FreeMarker representation to show the main page html page, after login success...
2017-12-13 13:24:49 INFO  ProxyGenerateTokenImpl:76 - Moved the Auth JWT Token from the first request to second request (also empty or null)
2017-12-13 13:24:49 INFO  NaiveAuthenticator:71 - Intercepted an invocation of a protected resource, check if the JWT token is present...
2017-12-13 13:24:49 INFO  NaiveAuthenticator:76 - The JWT token is present, continue the auth process...
2017-12-13 13:24:49 DEBUG FilterResourceImpl:71 - Request forward: https://tomcat.example.com:8443/PSY_VideoSService/FINCONS_SpA with MethodGET
2017-12-13 13:24:53 INFO  FilterResourceImpl:103 - Request forward
2017-12-13 13:24:54 INFO  ProxyGenerateTokenImpl:76 - Moved the Auth JWT Token from the first request to second request (also empty or null)
2017-12-13 13:24:55 INFO  NaiveAuthenticator:71 - Intercepted an invocation of a protected resource, check if the JWT token is present...
2017-12-13 13:24:55 INFO  NaiveAuthenticator:76 - The JWT token is present, continue the auth process...
2017-12-13 13:24:55 DEBUG FilterResourceImpl:71 - Request forward: https://tomcat.example.com:8443/PSY_VideoSService/FINCONS_SpA/2017-02-21 with MethodGET
2017-12-13 13:24:56 INFO  FilterResourceImpl:103 - Request forward
2017-12-13 13:24:57 INFO  ProxyGenerateTokenImpl:76 - Moved the Auth JWT Token from the first request to second request (also empty or null)
2017-12-13 13:24:57 INFO  NaiveAuthenticator:71 - Intercepted an invocation of a protected resource, check if the JWT token is present...
2017-12-13 13:24:57 INFO  NaiveAuthenticator:76 - The JWT token is present, continue the auth process...
2017-12-13 13:24:57 DEBUG FilterResourceImpl:71 - Request forward: https://tomcat.example.com:8443/PSY_VideoSService/FINCONS_SpA/2017-02-21/FTI with MethodGET
2017-12-13 13:24:58 INFO  FilterResourceImpl:103 - Request forward
2017-12-13 13:24:59 INFO  ProxyGenerateTokenImpl:76 - Moved the Auth JWT Token from the first request to second request (also empty or null)
2017-12-13 13:24:59 INFO  NaiveAuthenticator:71 - Intercepted an invocation of a protected resource, check if the JWT token is present...
2017-12-13 13:24:59 INFO  NaiveAuthenticator:76 - The JWT token is present, continue the auth process...
2017-12-13 13:24:59 DEBUG FilterResourceImpl:71 - Request forward: https://tomcat.example.com:8443/PSY_VideoSService/FINCONS_SpA/2017-02-21/FTI with MethodGET
2017-12-13 13:25:00 INFO  ProxyGenerateTokenImpl:76 - Moved the Auth JWT Token from the first request to second request (also empty or null)
2017-12-13 13:25:00 INFO  NaiveAuthenticator:71 - Intercepted an invocation of a protected resource, check if the JWT token is present...
2017-12-13 13:25:00 INFO  NaiveAuthenticator:76 - The JWT token is present, continue the auth process...
2017-12-13 13:25:00 DEBUG FilterResourceImpl:71 - Request forward: https://tomcat.example.com:8443/PSY_VideoSService/FINCONS_SpA/2017-02-21/FTI with MethodGET
2017-12-13 13:25:01 INFO  FilterResourceImpl:103 - Request forward
2017-12-13 13:25:02 INFO  FilterResourceImpl:103 - Request forward
2017-12-13 13:25:02 INFO  ProxyGenerateTokenImpl:76 - Moved the Auth JWT Token from the first request to second request (also empty or null)
2017-12-13 13:25:02 INFO  NaiveAuthenticator:71 - Intercepted an invocation of a protected resource, check if the JWT token is present...
2017-12-13 13:25:02 INFO  NaiveAuthenticator:76 - The JWT token is present, continue the auth process...
2017-12-13 13:25:02 DEBUG FilterResourceImpl:71 - Request forward: https://tomcat.example.com:8443/PSY_VideoSService/FINCONS_SpA/2017-02-21/FTI/CABIN with MethodGET
2017-12-13 13:25:04 INFO  FilterResourceImpl:103 - Request forward
2017-12-13 13:25:05 INFO  ProxyGenerateTokenImpl:76 - Moved the Auth JWT Token from the first request to second request (also empty or null)
2017-12-13 13:25:05 INFO  NaiveAuthenticator:71 - Intercepted an invocation of a protected resource, check if the JWT token is present...
2017-12-13 13:25:05 INFO  NaiveAuthenticator:76 - The JWT token is present, continue the auth process...
2017-12-13 13:25:05 DEBUG FilterResourceImpl:71 - Request forward: https://tomcat.example.com:8443/PSY_VideoSService/FINCONS_SpA/2017-02-21/FTI/CABIN/Camera FC Cabin with MethodGET
2017-12-13 13:25:07 INFO  FilterResourceImpl:103 - Request forward
2017-12-13 13:26:13 INFO  ProxyGenerateTokenImpl:76 - Moved the Auth JWT Token from the first request to second request (also empty or null)
2017-12-13 13:26:13 INFO  NaiveAuthenticator:71 - Intercepted an invocation of a protected resource, check if the JWT token is present...
2017-12-13 13:26:13 INFO  NaiveAuthenticator:76 - The JWT token is present, continue the auth process...
2017-12-13 13:26:13 DEBUG FilterResourceImpl:71 - Request forward: https://tomcat.example.com:8443/KeyGeneratorService/keygen with MethodGET
2017-12-13 13:26:16 INFO  FilterResourceImpl:103 - Request forward
2017-12-13 13:26:16 INFO  ProxyGenerateTokenImpl:76 - Moved the Auth JWT Token from the first request to second request (also empty or null)
2017-12-13 13:26:16 INFO  NaiveAuthenticator:71 - Intercepted an invocation of a protected resource, check if the JWT token is present...
2017-12-13 13:26:16 INFO  NaiveAuthenticator:76 - The JWT token is present, continue the auth process...
2017-12-13 13:26:16 DEBUG FilterResourceImpl:71 - Request forward: https://tomcat.example.com:8443/PSY_VideoSService/FINCONS_SpA/2017-02-21/FTI/CABIN/Camera%20FC%20Cabin/20171213123318_Circolare N 1_2017 - Chisure Aziendali(1).pdf?currentSlice=0 with MethodGET
2017-12-13 13:26:18 INFO  FilterResourceImpl:103 - Request forward
2017-12-13 13:26:25 DEBUG ProxyLogoutUser:24 - Prepare the client for the remote call to performe the logout...
2017-12-13 13:26:25 INFO  ProxyLogoutUser:32 - Logout service response returned successful 
2017-12-13 13:26:25 INFO  NaiveAuthenticator:71 - Intercepted an invocation of a protected resource, check if the JWT token is present...
2017-12-13 13:26:25 INFO  NaiveAuthenticator:79 - JWT token not present, user unauthorized!
2017-12-13 13:26:25 INFO  NaiveAuthenticator:120 - Wraps the bean with a FreeMarker representation to show the login html page...
2017-12-13 13:26:29 INFO  UserDataResourceImpl:43 - The user tester.user@ftigroup.net try to retrieve the user information from the LDAP service...
2017-12-13 13:26:29 INFO  UserDataResourceImpl:60 - Prepare the client for the remote call to performe the getUserData...
2017-12-13 13:26:29 INFO  UserDataResourceImpl:71 - getUserData service response returned successful with status 401
2017-12-13 13:26:29 DEBUG UserDataResourceImpl:86 - getUserData process completed with the following response: {}
2017-12-13 13:26:38 INFO  RegistrationResourceHtml:34 - Wraps the bean with a FreeMarker representation to show the registration html page...
2017-12-13 13:26:41 INFO  NaiveAuthenticator:71 - Intercepted an invocation of a protected resource, check if the JWT token is present...
2017-12-13 13:26:41 INFO  NaiveAuthenticator:79 - JWT token not present, user unauthorized!
2017-12-13 13:26:41 INFO  NaiveAuthenticator:120 - Wraps the bean with a FreeMarker representation to show the login html page...
2017-12-13 13:26:46 INFO  UserDataResourceImpl:43 - The user tester.user@ftigroup.net try to retrieve the user information from the LDAP service...
2017-12-13 13:26:46 INFO  UserDataResourceImpl:60 - Prepare the client for the remote call to performe the getUserData...
2017-12-13 13:26:46 INFO  UserDataResourceImpl:71 - getUserData service response returned successful with status 401
2017-12-13 13:26:46 DEBUG UserDataResourceImpl:86 - getUserData process completed with the following response: {}
2017-12-13 13:26:49 INFO  UserDataResourceImpl:43 - The user tester.user@ftigroup.net try to retrieve the user information from the LDAP service...
2017-12-13 13:26:49 INFO  UserDataResourceImpl:60 - Prepare the client for the remote call to performe the getUserData...
2017-12-13 13:26:49 INFO  UserDataResourceImpl:71 - getUserData service response returned successful with status 401
2017-12-13 13:26:49 DEBUG UserDataResourceImpl:86 - getUserData process completed with the following response: {}
2017-12-13 13:26:50 INFO  RegistrationResourceHtml:34 - Wraps the bean with a FreeMarker representation to show the registration html page...
2017-12-13 13:26:54 INFO  CheckRegistrationResourceImpl:35 - Called the proxyCheckRegistration method with following username: tester.user@ftigroup.net
2017-12-13 13:26:54 DEBUG CheckRegistrationResourceImpl:54 - Prepare the client for the remote call to check the registration...
2017-12-13 13:26:54 INFO  CheckRegistrationResourceImpl:63 - Invoking the getCheckRegistrationServicePath with the following parameters: tester.user@ftigroup.net
2017-12-13 13:26:54 INFO  CheckRegistrationResourceImpl:71 - getCheckRegistrationServicePath service response: status 200
2017-12-13 13:26:57 INFO  RegistrationResourceImpl:40 - The user tester.user@ftigroup.net try to perform the new account creation
2017-12-13 13:26:57 INFO  RegistrationResourceImpl:59 - Valid JSON parameters! Prepare the client for the remote call to performe the registration...
2017-12-13 13:26:57 INFO  RegistrationResourceImpl:68 - Invoking the POST registration service...
2017-12-13 13:26:57 INFO  RegistrationResourceImpl:73 - Registration service response returned successful
2017-12-13 13:26:57 INFO  RegistrationSuccessResourceHtml:24 - Wraps the bean with a FreeMarker representation to show the registration success html page...
2017-12-13 13:26:59 INFO  NaiveAuthenticator:71 - Intercepted an invocation of a protected resource, check if the JWT token is present...
2017-12-13 13:26:59 INFO  NaiveAuthenticator:79 - JWT token not present, user unauthorized!
2017-12-13 13:26:59 INFO  NaiveAuthenticator:120 - Wraps the bean with a FreeMarker representation to show the login html page...
2017-12-13 13:27:03 INFO  UserDataResourceImpl:43 - The user tester.user@ftigroup.net try to retrieve the user information from the LDAP service...
2017-12-13 13:27:03 INFO  UserDataResourceImpl:60 - Prepare the client for the remote call to performe the getUserData...
2017-12-13 13:27:03 INFO  UserDataResourceImpl:71 - getUserData service response returned successful with status 200
2017-12-13 13:27:03 INFO  CryptUtil:28 - HMAC generation successful completed...
2017-12-13 13:27:03 INFO  UserDataResourceImpl:77 - HMAC Check OK for this getUserData request...
2017-12-13 13:27:03 DEBUG UserDataResourceImpl:86 - getUserData process completed with the following response: {"code":200,"loginUserData":{"userCertificate":"{'privateKey':'_g9bywVQ0nPgWj6ug8xJbJNrYNgSKEgUJncGKv9UfYqmlWBulMiuvWrdO8LJZgHQeXhZUMnGHS5WNEefME4F8Q4lTk8V4MTxCzxiv_xA4gmp00wZj-zIdxs-Vr-X9SK2FNJBPhCpG0SF4Ppa3jT5PNk2W_IUEVoDXbxuSuiffbd0g-C7tGNZisyhNV44bstRkbqG5HUXfSeEg5FZxNZJs6wQLLg9U4Y7dvVHAnGgE4oFZ26LQR4yvfvRWMVtrSSRLlZG6f4YOrrlE5_ql_UdW9Z0eUj-m5v9XUSq5PPP4H_t6y6NWcK5jXS_b9VIoiqQ','salt':'5e613cd50f11e220e0a63b6c85d01dace458b803883398daec0d6d06bc68838b','publicKey':{'ext':true,'kty':'EC','crv':'P-256','key_ops':[],'x':'YmtpchihRBB-mSVBrYG7v08o_d8iPNCPnGu9H5-XJUs','y':'820c4mxBqDVWMfXBGQLt4Ij6RVLxEYFhzuWJo7BB7jM'}}","userData":{"validityTime":"2017-12-13T16:27:03","challengeID":208842985,"actkSrvPublicKey":{"kty":"EC","crv":"P-256","x":"xtyMTVbGfryakaxHBLEe57SHt1SURd8XyLsv317OTu0","y":"kyl01bXp_xv7tT9NgzoKrdFk6QLgL-hHU1_gPGQHPKo"}},"timestamp":"2017-12-13T13:27:03"}}
2017-12-13 13:27:06 INFO  NaiveAuthenticator:59 - Intercepted a LOGIN Form submission...
2017-12-13 13:27:06 INFO  CustomVerifier:81 - The user try to perform a login action
2017-12-13 13:27:06 DEBUG CustomVerifier:85 - ### Start Generate External Token ###
2017-12-13 13:27:06 INFO  CustomVerifier:95 - Claims generation succesfull completed!
2017-12-13 13:27:06 DEBUG CustomVerifier:101 - ### End Generate External Token ###
2017-12-13 13:27:06 DEBUG CustomVerifier:104 - Token created!
2017-12-13 13:27:06 DEBUG LoginUserImpl:24 - Prepare the client for the remote call to performe the login...
2017-12-13 13:27:06 INFO  LoginUserImpl:32 - login service response returned successful 
2017-12-13 13:27:06 DEBUG CustomVerifier:110 - The POST operation on the service https://tomcat.example.com:8443/FTI_Video_Service/proxyLogin was sucesfully completed...
2017-12-13 13:27:06 DEBUG CustomVerifier:118 - The Access Token Service response with the following result: {"code":200,"message":"Login sucessful completed","timestamp":"2017-12-13T13:27:06"}
2017-12-13 13:27:06 DEBUG CustomVerifier:121 - The Access Token Service success response is valid...
2017-12-13 13:27:06 INFO  CryptUtil:28 - HMAC generation successful completed...
2017-12-13 13:27:06 INFO  CustomVerifier:126 - HMAC validation passed! tester.user@ftigroup.net AUTHENTICATED!
2017-12-13 13:27:06 INFO  LdapManager:296 - Start getListOrganization
2017-12-13 13:27:06 INFO  LdapManager:249 - Start getListCountry
2017-12-13 13:27:06 INFO  LdapManager:146 - Called the find() method
2017-12-13 13:27:06 INFO  LdapManager:229 - Start getListOrganization
2017-12-13 13:27:06 INFO  LdapManager:146 - Called the find() method
2017-12-13 13:27:06 INFO  LdapManager:270 - Start getListOrganizationUnitFirstLevel
2017-12-13 13:27:06 INFO  LdapManager:146 - Called the find() method
2017-12-13 13:27:06 INFO  PageResourceHtml:67 - Wraps the bean with a FreeMarker representation to show the main page html page, after login success...
2017-12-13 13:27:09 INFO  ProxyGenerateTokenImpl:76 - Moved the Auth JWT Token from the first request to second request (also empty or null)
2017-12-13 13:27:09 INFO  ProxyGenerateTokenImpl:76 - Moved the Auth JWT Token from the first request to second request (also empty or null)
2017-12-13 13:27:09 INFO  ProxyGenerateTokenImpl:76 - Moved the Auth JWT Token from the first request to second request (also empty or null)
2017-12-13 13:27:09 INFO  NaiveAuthenticator:71 - Intercepted an invocation of a protected resource, check if the JWT token is present...
2017-12-13 13:27:09 INFO  NaiveAuthenticator:76 - The JWT token is present, continue the auth process...
2017-12-13 13:27:09 DEBUG FilterResourceImpl:71 - Request forward: https://tomcat.example.com:8443/PSY_PolicySService/FTI/Default policies/DE & FTI with MethodGET
2017-12-13 13:27:09 INFO  ProxyGenerateTokenImpl:76 - Moved the Auth JWT Token from the first request to second request (also empty or null)
2017-12-13 13:27:10 INFO  ProxyGenerateTokenImpl:76 - Moved the Auth JWT Token from the first request to second request (also empty or null)
2017-12-13 13:27:11 INFO  FilterResourceImpl:103 - Request forward
2017-12-13 13:27:11 INFO  ProxyGenerateTokenImpl:76 - Moved the Auth JWT Token from the first request to second request (also empty or null)
2017-12-13 13:27:11 INFO  ProxyGenerateTokenImpl:76 - Moved the Auth JWT Token from the first request to second request (also empty or null)
2017-12-13 13:27:11 INFO  ProxyGenerateTokenImpl:76 - Moved the Auth JWT Token from the first request to second request (also empty or null)
2017-12-13 13:27:11 INFO  NaiveAuthenticator:71 - Intercepted an invocation of a protected resource, check if the JWT token is present...
2017-12-13 13:27:11 INFO  NaiveAuthenticator:76 - The JWT token is present, continue the auth process...
2017-12-13 13:27:11 DEBUG FilterResourceImpl:71 - Request forward: https://tomcat.example.com:8443/PSY_PolicySService/FTI/Default policies/DE & FTI with MethodGET
2017-12-13 13:27:11 INFO  ProxyGenerateTokenImpl:76 - Moved the Auth JWT Token from the first request to second request (also empty or null)
2017-12-13 13:27:12 INFO  ProxyGenerateTokenImpl:76 - Moved the Auth JWT Token from the first request to second request (also empty or null)
2017-12-13 13:27:13 INFO  FilterResourceImpl:103 - Request forward
2017-12-13 13:27:14 INFO  ProxyGenerateTokenImpl:76 - Moved the Auth JWT Token from the first request to second request (also empty or null)
2017-12-13 13:27:14 INFO  NaiveAuthenticator:71 - Intercepted an invocation of a protected resource, check if the JWT token is present...
2017-12-13 13:27:14 INFO  NaiveAuthenticator:76 - The JWT token is present, continue the auth process...
2017-12-13 13:27:14 DEBUG FilterResourceImpl:71 - Request forward: https://tomcat.example.com:8443/PSY_VideoSService/FTI with MethodGET
2017-12-13 13:27:16 INFO  FilterResourceImpl:103 - Request forward
2017-12-13 13:27:19 INFO  ProxyGenerateTokenImpl:76 - Moved the Auth JWT Token from the first request to second request (also empty or null)
2017-12-13 13:27:19 INFO  ProxyGenerateTokenImpl:76 - Moved the Auth JWT Token from the first request to second request (also empty or null)
2017-12-13 13:27:19 INFO  ProxyGenerateTokenImpl:76 - Moved the Auth JWT Token from the first request to second request (also empty or null)
2017-12-13 13:27:19 INFO  NaiveAuthenticator:71 - Intercepted an invocation of a protected resource, check if the JWT token is present...
2017-12-13 13:27:19 INFO  NaiveAuthenticator:76 - The JWT token is present, continue the auth process...
2017-12-13 13:27:19 DEBUG FilterResourceImpl:71 - Request forward: https://tomcat.example.com:8443/PSY_PolicySService/FTI/Default policies/DE & FTI with MethodGET
2017-12-13 13:27:19 INFO  ProxyGenerateTokenImpl:76 - Moved the Auth JWT Token from the first request to second request (also empty or null)
2017-12-13 13:27:20 INFO  FilterResourceImpl:103 - Request forward
2017-12-13 13:27:22 INFO  ProxyGenerateTokenImpl:76 - Moved the Auth JWT Token from the first request to second request (also empty or null)
2017-12-13 13:27:23 INFO  ProxyGenerateTokenImpl:76 - Moved the Auth JWT Token from the first request to second request (also empty or null)
2017-12-13 13:27:23 INFO  NaiveAuthenticator:71 - Intercepted an invocation of a protected resource, check if the JWT token is present...
2017-12-13 13:27:23 INFO  NaiveAuthenticator:76 - The JWT token is present, continue the auth process...
2017-12-13 13:27:23 DEBUG FilterResourceImpl:71 - Request forward: https://tomcat.example.com:8443/PSY_VideoSService/FTI with MethodGET
2017-12-13 13:27:24 INFO  FilterResourceImpl:103 - Request forward
2017-12-13 13:27:27 DEBUG ProxyLogoutUser:24 - Prepare the client for the remote call to performe the logout...
2017-12-13 13:27:27 INFO  ProxyLogoutUser:32 - Logout service response returned successful 
2017-12-13 13:27:27 INFO  NaiveAuthenticator:71 - Intercepted an invocation of a protected resource, check if the JWT token is present...
2017-12-13 13:27:27 INFO  NaiveAuthenticator:79 - JWT token not present, user unauthorized!
2017-12-13 13:27:27 INFO  NaiveAuthenticator:120 - Wraps the bean with a FreeMarker representation to show the login html page...
