2017-12-13 13:26:14 INFO  KeyGeneratorRestletApplication:17 - Called the createInboundRoot restlet method...
2017-12-13 13:26:14 INFO  KeyGeneratorRestletApplication:24 - Created the Restlet TokenAuthenticator...
2017-12-13 13:26:14 INFO  KeyGeneratorRestletApplication:29 - Created the Restlet CustomVerifier...
2017-12-13 13:26:14 INFO  KeyGeneratorRestletApplication:37 - Created and returned the Restlet Context with url-resource association...
2017-12-13 13:26:14 INFO  TokenAuthenticator:42 - Intercepted an invocation of a protected resource, check if the JWT token is present...
2017-12-13 13:26:14 INFO  TokenAuthenticator:51 - The JWT token is present, continue the auth process...
2017-12-13 13:26:14 INFO  PropertiesHelper:17 - Loading configuration parameters...
2017-12-13 13:26:14 INFO  AESencrpPS:59 - Called the encrypt method...TGFTdXBlckNoMWF2ZURlbGxlQ2gxYXYxVXNhdGU
2017-12-13 13:26:14 DEBUG CustomVerifier:133 - external Sign Verified
2017-12-13 13:26:14 DEBUG CustomVerifier:141 - internal Sign Verified
2017-12-13 13:26:14 DEBUG CustomVerifier:78 - myURL: /KeyGeneratorService/keygen
2017-12-13 13:26:14 DEBUG CustomVerifier:79 - url: /KeyGeneratorService/keygen
2017-12-13 13:26:14 DEBUG CustomVerifier:80 - myMethod: GET
2017-12-13 13:26:14 DEBUG CustomVerifier:81 - method: GET
2017-12-13 13:26:15 INFO  KeyGeneratorResource:29 - Called the generateKeys method
2017-12-13 13:26:15 INFO  LdapManager:98 - Called the find() searchUser: {"mail":"leonardo.straniero@finconsgroup.com"}
2017-12-13 13:26:15 INFO  LdapManager:30 - Called the init() method
2017-12-13 13:26:15 ERROR LdapManager:45 - Connected to the context: {java.naming.provider.url=ldap://openldap.example.com:389, java.naming.factory.initial=com.sun.jndi.ldap.LdapCtxFactory, java.naming.factory.url.pkgs=org.apache.naming, java.naming.security.principal=cn=admin,dc=FTIVidAS, java.naming.security.authentication=simple, java.naming.security.credentials=Sysmgr48}
2017-12-13 13:26:15 INFO  LdapManager:76 - Called the find() method
2017-12-13 13:26:15 INFO  CpabeManager:18 - Loading configuration parameters and setup CP ABE Context...
2017-12-13 13:26:15 INFO  CpabeManager:39 - CP ABE context with public and master key found. Setup skipped...
2017-12-13 13:26:15 INFO  CpabeManager:71 - Called the CP ABE keygen() method
2017-12-13 13:26:16 INFO  KeyGeneratorResource:110 - Key generation sucessfull completed.
