15-Dec-2017 10:17:54.902 INFO [main] org.apache.catalina.startup.VersionLoggerListener.log Server version:        Apache Tomcat/8.0.47
15-Dec-2017 10:17:54.911 INFO [main] org.apache.catalina.startup.VersionLoggerListener.log Server built:          Sep 29 2017 13:46:41 UTC
15-Dec-2017 10:17:54.911 INFO [main] org.apache.catalina.startup.VersionLoggerListener.log Server number:         8.0.47.0
15-Dec-2017 10:17:54.911 INFO [main] org.apache.catalina.startup.VersionLoggerListener.log OS Name:               Linux
15-Dec-2017 10:17:54.911 INFO [main] org.apache.catalina.startup.VersionLoggerListener.log OS Version:            4.9.49-moby
15-Dec-2017 10:17:54.911 INFO [main] org.apache.catalina.startup.VersionLoggerListener.log Architecture:          amd64
15-Dec-2017 10:17:54.911 INFO [main] org.apache.catalina.startup.VersionLoggerListener.log Java Home:             /opt/bitnami/java
15-Dec-2017 10:17:54.911 INFO [main] org.apache.catalina.startup.VersionLoggerListener.log JVM Version:           1.8.0_144-b01
15-Dec-2017 10:17:54.911 INFO [main] org.apache.catalina.startup.VersionLoggerListener.log JVM Vendor:            Oracle Corporation
15-Dec-2017 10:17:54.911 INFO [main] org.apache.catalina.startup.VersionLoggerListener.log CATALINA_BASE:         /opt/bitnami/tomcat
15-Dec-2017 10:17:54.911 INFO [main] org.apache.catalina.startup.VersionLoggerListener.log CATALINA_HOME:         /opt/bitnami/tomcat
15-Dec-2017 10:17:54.911 INFO [main] org.apache.catalina.startup.VersionLoggerListener.log Command line argument: -Djava.util.logging.config.file=/opt/bitnami/tomcat/conf/logging.properties
15-Dec-2017 10:17:54.912 INFO [main] org.apache.catalina.startup.VersionLoggerListener.log Command line argument: -Djava.util.logging.manager=org.apache.juli.ClassLoaderLogManager
15-Dec-2017 10:17:54.912 INFO [main] org.apache.catalina.startup.VersionLoggerListener.log Command line argument: -Djava.awt.headless=true
15-Dec-2017 10:17:54.912 INFO [main] org.apache.catalina.startup.VersionLoggerListener.log Command line argument: -XX:+UseG1GC
15-Dec-2017 10:17:54.912 INFO [main] org.apache.catalina.startup.VersionLoggerListener.log Command line argument: -Dfile.encoding=UTF-8
15-Dec-2017 10:17:54.912 INFO [main] org.apache.catalina.startup.VersionLoggerListener.log Command line argument: -Djdk.tls.ephemeralDHKeySize=2048
15-Dec-2017 10:17:54.912 INFO [main] org.apache.catalina.startup.VersionLoggerListener.log Command line argument: -Djava.protocol.handler.pkgs=org.apache.catalina.webresources
15-Dec-2017 10:17:54.912 INFO [main] org.apache.catalina.startup.VersionLoggerListener.log Command line argument: -Djava.endorsed.dirs=/opt/bitnami/tomcat/endorsed
15-Dec-2017 10:17:54.912 INFO [main] org.apache.catalina.startup.VersionLoggerListener.log Command line argument: -Dcatalina.base=/opt/bitnami/tomcat
15-Dec-2017 10:17:54.912 INFO [main] org.apache.catalina.startup.VersionLoggerListener.log Command line argument: -Dcatalina.home=/opt/bitnami/tomcat
15-Dec-2017 10:17:54.912 INFO [main] org.apache.catalina.startup.VersionLoggerListener.log Command line argument: -Djava.io.tmpdir=/opt/bitnami/tomcat/temp
15-Dec-2017 10:17:54.913 INFO [main] org.apache.catalina.core.AprLifecycleListener.lifecycleEvent The APR based Apache Tomcat Native library which allows optimal performance in production environments was not found on the java.library.path: /usr/java/packages/lib/amd64:/usr/lib64:/lib64:/lib:/usr/lib
15-Dec-2017 10:17:55.231 INFO [main] org.apache.coyote.AbstractProtocol.init Initializing ProtocolHandler ["http-nio-8080"]
15-Dec-2017 10:17:55.271 INFO [main] org.apache.tomcat.util.net.NioSelectorPool.getSharedSelector Using a shared selector for servlet write/read
15-Dec-2017 10:17:55.282 INFO [main] org.apache.coyote.AbstractProtocol.init Initializing ProtocolHandler ["http-nio-8443"]
15-Dec-2017 10:17:55.740 INFO [main] org.apache.tomcat.util.net.NioSelectorPool.getSharedSelector Using a shared selector for servlet write/read
15-Dec-2017 10:17:55.741 INFO [main] org.apache.coyote.AbstractProtocol.init Initializing ProtocolHandler ["ajp-nio-8009"]
15-Dec-2017 10:17:55.744 INFO [main] org.apache.tomcat.util.net.NioSelectorPool.getSharedSelector Using a shared selector for servlet write/read
15-Dec-2017 10:17:55.746 INFO [main] org.apache.catalina.startup.Catalina.load Initialization processed in 1522 ms
15-Dec-2017 10:17:55.815 INFO [main] org.apache.catalina.core.StandardService.startInternal Starting service Catalina
15-Dec-2017 10:17:55.815 INFO [main] org.apache.catalina.core.StandardEngine.startInternal Starting Servlet Engine: Apache Tomcat/8.0.47
15-Dec-2017 10:17:55.881 INFO [localhost-startStop-1] org.apache.catalina.startup.HostConfig.deployWAR Deploying web application archive /bitnami/tomcat/data/ABE-Proxy.war
15-Dec-2017 10:17:57.595 INFO [localhost-startStop-1] org.apache.jasper.servlet.TldScanner.scanJars At least one JAR was scanned for TLDs yet contained no TLDs. Enable debug logging for this logger for a complete list of JARs that were scanned but no TLDs were found in them. Skipping unneeded JARs during scanning can improve startup time and JSP compilation time.
15-Dec-2017 10:17:57.649 INFO [localhost-startStop-1] org.apache.catalina.startup.HostConfig.deployWAR Deployment of web application archive /bitnami/tomcat/data/ABE-Proxy.war has finished in 1,767 ms
15-Dec-2017 10:17:57.666 INFO [localhost-startStop-1] org.apache.catalina.startup.HostConfig.deployWAR Deploying web application archive /bitnami/tomcat/data/FTI_Video_Service.war
15-Dec-2017 10:18:08.001 INFO [localhost-startStop-1] org.apache.jasper.servlet.TldScanner.scanJars At least one JAR was scanned for TLDs yet contained no TLDs. Enable debug logging for this logger for a complete list of JARs that were scanned but no TLDs were found in them. Skipping unneeded JARs during scanning can improve startup time and JSP compilation time.
15-Dec-2017 10:18:08.044 INFO [localhost-startStop-1] org.apache.catalina.startup.HostConfig.deployWAR Deployment of web application archive /bitnami/tomcat/data/FTI_Video_Service.war has finished in 10,378 ms
15-Dec-2017 10:18:08.057 INFO [localhost-startStop-1] org.apache.catalina.startup.HostConfig.deployWAR Deploying web application archive /bitnami/tomcat/data/KeyGeneratorService.war
15-Dec-2017 10:18:15.409 INFO [localhost-startStop-1] org.apache.jasper.servlet.TldScanner.scanJars At least one JAR was scanned for TLDs yet contained no TLDs. Enable debug logging for this logger for a complete list of JARs that were scanned but no TLDs were found in them. Skipping unneeded JARs during scanning can improve startup time and JSP compilation time.
15-Dec-2017 10:18:15.447 INFO [localhost-startStop-1] org.apache.catalina.startup.HostConfig.deployWAR Deployment of web application archive /bitnami/tomcat/data/KeyGeneratorService.war has finished in 7,390 ms
15-Dec-2017 10:18:15.490 INFO [localhost-startStop-1] org.apache.catalina.startup.HostConfig.deployWAR Deploying web application archive /bitnami/tomcat/data/PSY_PolicySService.war
15-Dec-2017 10:18:23.101 INFO [localhost-startStop-1] org.apache.jasper.servlet.TldScanner.scanJars At least one JAR was scanned for TLDs yet contained no TLDs. Enable debug logging for this logger for a complete list of JARs that were scanned but no TLDs were found in them. Skipping unneeded JARs during scanning can improve startup time and JSP compilation time.
15-Dec-2017 10:18:23.129 INFO [localhost-startStop-1] org.apache.catalina.startup.HostConfig.deployWAR Deployment of web application archive /bitnami/tomcat/data/PSY_PolicySService.war has finished in 7,639 ms
15-Dec-2017 10:18:23.153 INFO [localhost-startStop-1] org.apache.catalina.startup.HostConfig.deployWAR Deploying web application archive /bitnami/tomcat/data/PSY_VideoSService.war
15-Dec-2017 10:18:31.805 INFO [localhost-startStop-1] org.apache.jasper.servlet.TldScanner.scanJars At least one JAR was scanned for TLDs yet contained no TLDs. Enable debug logging for this logger for a complete list of JARs that were scanned but no TLDs were found in them. Skipping unneeded JARs during scanning can improve startup time and JSP compilation time.
15-Dec-2017 10:18:31.828 INFO [localhost-startStop-1] org.apache.catalina.startup.HostConfig.deployWAR Deployment of web application archive /bitnami/tomcat/data/PSY_VideoSService.war has finished in 8,675 ms
15-Dec-2017 10:18:31.903 INFO [localhost-startStop-1] org.apache.catalina.startup.HostConfig.deployWAR Deploying web application archive /bitnami/tomcat/data/Token_Service.war
15-Dec-2017 10:18:38.506 INFO [localhost-startStop-1] org.apache.jasper.servlet.TldScanner.scanJars At least one JAR was scanned for TLDs yet contained no TLDs. Enable debug logging for this logger for a complete list of JARs that were scanned but no TLDs were found in them. Skipping unneeded JARs during scanning can improve startup time and JSP compilation time.
15-Dec-2017 10:18:38.528 INFO [localhost-startStop-1] org.apache.catalina.startup.HostConfig.deployWAR Deployment of web application archive /bitnami/tomcat/data/Token_Service.war has finished in 6,626 ms
15-Dec-2017 10:18:38.533 INFO [localhost-startStop-1] org.apache.catalina.startup.HostConfig.deployDirectory Deploying web application directory /bitnami/tomcat/data/docs
15-Dec-2017 10:18:38.605 INFO [localhost-startStop-1] org.apache.catalina.startup.HostConfig.deployDirectory Deployment of web application directory /bitnami/tomcat/data/docs has finished in 72 ms
15-Dec-2017 10:18:38.606 INFO [localhost-startStop-1] org.apache.catalina.startup.HostConfig.deployDirectory Deploying web application directory /bitnami/tomcat/data/examples
15-Dec-2017 10:18:39.725 INFO [localhost-startStop-1] org.apache.catalina.startup.HostConfig.deployDirectory Deployment of web application directory /bitnami/tomcat/data/examples has finished in 1,119 ms
15-Dec-2017 10:18:39.725 INFO [localhost-startStop-1] org.apache.catalina.startup.HostConfig.deployDirectory Deploying web application directory /bitnami/tomcat/data/host-manager
15-Dec-2017 10:18:39.786 INFO [localhost-startStop-1] org.apache.catalina.startup.HostConfig.deployDirectory Deployment of web application directory /bitnami/tomcat/data/host-manager has finished in 61 ms
15-Dec-2017 10:18:39.787 INFO [localhost-startStop-1] org.apache.catalina.startup.HostConfig.deployDirectory Deploying web application directory /bitnami/tomcat/data/manager
15-Dec-2017 10:18:39.831 INFO [localhost-startStop-1] org.apache.catalina.startup.HostConfig.deployDirectory Deployment of web application directory /bitnami/tomcat/data/manager has finished in 45 ms
15-Dec-2017 10:18:39.831 INFO [localhost-startStop-1] org.apache.catalina.startup.HostConfig.deployDirectory Deploying web application directory /bitnami/tomcat/data/ROOT
15-Dec-2017 10:18:39.861 INFO [localhost-startStop-1] org.apache.catalina.startup.HostConfig.deployDirectory Deployment of web application directory /bitnami/tomcat/data/ROOT has finished in 30 ms
15-Dec-2017 10:18:39.861 INFO [localhost-startStop-1] org.apache.catalina.startup.HostConfig.deployDirectory Deploying web application directory /bitnami/tomcat/data/webapps
15-Dec-2017 10:18:39.894 INFO [localhost-startStop-1] org.apache.catalina.startup.HostConfig.deployDirectory Deployment of web application directory /bitnami/tomcat/data/webapps has finished in 33 ms
15-Dec-2017 10:18:39.907 INFO [main] org.apache.coyote.AbstractProtocol.start Starting ProtocolHandler ["http-nio-8080"]
15-Dec-2017 10:18:39.921 INFO [main] org.apache.coyote.AbstractProtocol.start Starting ProtocolHandler ["http-nio-8443"]
15-Dec-2017 10:18:39.926 INFO [main] org.apache.coyote.AbstractProtocol.start Starting ProtocolHandler ["ajp-nio-8009"]
15-Dec-2017 10:18:39.932 INFO [main] org.apache.catalina.startup.Catalina.start Server startup in 44185 ms
15-Dec-2017 10:25:52.040 INFO [main] org.apache.catalina.core.StandardServer.await A valid shutdown command was received via the shutdown port. Stopping the Server instance.
15-Dec-2017 10:25:52.041 INFO [main] org.apache.coyote.AbstractProtocol.pause Pausing ProtocolHandler ["http-nio-8080"]
15-Dec-2017 10:25:52.129 INFO [main] org.apache.coyote.AbstractProtocol.pause Pausing ProtocolHandler ["http-nio-8443"]
15-Dec-2017 10:25:52.130 INFO [main] org.apache.coyote.AbstractProtocol.pause Pausing ProtocolHandler ["ajp-nio-8009"]
15-Dec-2017 10:25:52.130 INFO [main] org.apache.catalina.core.StandardService.stopInternal Stopping service Catalina
15-Dec-2017 10:25:52.270 INFO [main] org.apache.coyote.AbstractProtocol.stop Stopping ProtocolHandler ["http-nio-8080"]
15-Dec-2017 10:25:52.271 INFO [main] org.apache.coyote.AbstractProtocol.stop Stopping ProtocolHandler ["http-nio-8443"]
15-Dec-2017 10:25:52.274 INFO [main] org.apache.coyote.AbstractProtocol.stop Stopping ProtocolHandler ["ajp-nio-8009"]
15-Dec-2017 10:25:52.275 INFO [main] org.apache.coyote.AbstractProtocol.destroy Destroying ProtocolHandler ["http-nio-8080"]
15-Dec-2017 10:25:52.276 INFO [main] org.apache.coyote.AbstractProtocol.destroy Destroying ProtocolHandler ["http-nio-8443"]
15-Dec-2017 10:25:52.276 INFO [main] org.apache.coyote.AbstractProtocol.destroy Destroying ProtocolHandler ["ajp-nio-8009"]
